=== RUN START Fri Nov 14 04:03:25 AM PST 2025 on x1001c0s4b0n0 ===
SLURM: NODES=1 NTASKS=1 TPERNODE=1 CPUS_PER_TASK=24

========== SLURM VERSION ==========
slurm 24.11.6
slurm 24.11.6
slurm 24.11.6

========== SLURM FULL JOB SETTINGS ==========
-- scontrol show job -dd 37999 --
JobId=37999 JobName=Affinity
   UserId=fadupros(1758) GroupId=users(100) MCS_label=N/A
   Priority=1 Nice=0 Account=(null) QOS=normal
   JobState=RUNNING Reason=None Dependency=(null)
   Requeue=1 Restarts=0 BatchFlag=1 Reboot=0 ExitCode=0:0
   DerivedExitCode=0:0
   RunTime=00:00:01 TimeLimit=00:05:00 TimeMin=N/A
   SubmitTime=2025-11-14T04:03:24 EligibleTime=2025-11-14T04:03:24
   AccrueTime=2025-11-14T04:03:24
   StartTime=2025-11-14T04:03:24 EndTime=2025-11-14T04:08:24 Deadline=N/A
   SuspendTime=None SecsPreSuspend=0 LastSchedEval=2025-11-14T04:03:24 Scheduler=Backfill
   Partition=MI300A_A1_COS_OK AllocNode:Sid=lockhart-login1:858295
   ReqNodeList=(null) ExcNodeList=(null)
   NodeList=x1001c0s4b0n0
   BatchHost=x1001c0s4b0n0
   NumNodes=1 NumCPUs=192 NumTasks=1 CPUs/Task=24 ReqB:S:C:T=0:0:*:*
   ReqTRES=cpu=24,mem=500G,node=1,billing=24
   AllocTRES=cpu=192,mem=500G,node=1,billing=192
   Socks/Node=* NtasksPerN:B:S:C=1:0:*:* CoreSpec=*
   JOB_GRES=gpu:4
     Nodes=x1001c0s4b0n0 CPU_IDs=0-191 Mem=512000 GRES=gpu:4(IDX:0-3)
   MinCPUsNode=24 MinMemoryNode=0 MinTmpDiskNode=0
   Features=(null) DelayBoot=00:00:00
   OverSubscribe=NO Contiguous=0 Licenses=(null) Network=(null)
   Command=/home/fadupros/affinity7.sh
   WorkDir=/home/fadupros
   StdErr=/home/fadupros/binding_37999.err
   StdIn=/dev/null
   StdOut=/home/fadupros/binding_37999.out
   TresPerTask=cpu=24
   


-- scontrol show step -dd 37999.* (steps appear after launch) --

========== SOFTWARE VERSIONS (HIP, ROCm) ==========
-- rocm-smi --showdriverversion --showversion --
-- hipcc --version --
HIP version: 6.4.43484-123eb5128
AMD clang version 19.0.0git (https://github.com/RadeonOpenCompute/llvm-project roc-6.4.3 25224 d366fa84f3fdcbd4b10847ebd5db572ae12a34fb)
Target: x86_64-unknown-linux-gnu
Thread model: posix
InstalledDir: /opt/rocm-6.4.3/lib/llvm/bin
Configuration file: /opt/rocm-6.4.3/lib/llvm/bin/clang++.cfg
-- hipconfig --version --
6.4.43484-123eb5128-- hipconfig --platforms --
HIP version: 6.4.43484-123eb5128

==hipconfig
HIP_PATH           :/opt/rocm-6.4.3
ROCM_PATH          :/opt/rocm-6.4.3
HIP_COMPILER       :clang
HIP_PLATFORM       :amd
HIP_RUNTIME        :rocclr
CPP_CONFIG         : -D__HIP_PLATFORM_HCC__= -D__HIP_PLATFORM_AMD__= -I/opt/rocm-6.4.3/include -I/include

==hip-clang
HIP_CLANG_PATH     :/opt/rocm-6.4.3/lib/llvm/bin
AMD clang version 19.0.0git (https://github.com/RadeonOpenCompute/llvm-project roc-6.4.3 25224 d366fa84f3fdcbd4b10847ebd5db572ae12a34fb)
Target: x86_64-unknown-linux-gnu
Thread model: posix
InstalledDir: /opt/rocm-6.4.3/lib/llvm/bin
Configuration file: /opt/rocm-6.4.3/lib/llvm/bin/clang++.cfg
AMD LLVM version 19.0.0git
  Optimized build.
  Default target: x86_64-unknown-linux-gnu
  Host CPU: znver3

  Registered Targets:
    amdgcn - AMD GCN GPUs
    r600   - AMD GPUs HD2XXX-HD6XXX
    x86    - 32-bit X86: Pentium-Pro and above
    x86-64 - 64-bit X86: EM64T and AMD64
hip-clang-cxxflags :
 -O3
hip-clang-ldflags :
--driver-mode=g++ -O3 -L/opt/rocm-6.4.3/lib --hip-link

== Environment Variables
PATH =/opt/rocm-6.4.3/bin:/opt/cray/pe/mpich/8.1.31/ofi/crayclang/17.0/bin:/opt/cray/pe/mpich/8.1.31/bin:/opt/cray/pe/craype/2.7.34/bin:/opt/cray/pe/cce/19.0.0/binutils/x86_64/x86_64-pc-linux-gnu/bin:/opt/cray/pe/cce/19.0.0/binutils/cross/x86_64-aarch64/aarch64-linux-gnu/../bin:/opt/cray/pe/cce/19.0.0/utils/x86_64/bin:/opt/cray/pe/cce/19.0.0/bin:/opt/cray/pe/perftools/25.03.0/bin:/opt/cray/pe/papi/7.2.0.1/bin:/opt/cray/libfabric/1.22.0/bin:/opt/clmgr/sbin:/opt/clmgr/bin:/opt/sgi/sbin:/opt/sgi/bin:/home/fadupros/.local/bin:/home/fadupros/bin:/usr/local/bin:/usr/bin:/bin:/opt/c3/bin:/usr/lib/mit/bin:/opt/cray/pe/bin
LD_LIBRARY_PATH=/opt/rocm-6.4.3/lib/roctracer:/opt/rocm-6.4.3/lib/rocprofiler:/opt/rocm-6.4.3/lib:/opt/cray/pe/papi/7.2.0.1/lib64:/opt/cray/libfabric/1.22.0/lib64
HIP_LIB_PATH=/opt/rocm-6.4.3/lib

== Linux Kernel
Hostname      :
x1001c0s4b0n0
Linux x1001c0s4b0n0 6.4.0-150600.23.53_15.0.11-cray_shasta_c #1 SMP Tue Jul 15 19:33:24 UTC 2025 (80d95d6) x86_64 x86_64 x86_64 GNU/Linux
LSB Version:	n/a
Distributor ID:	SUSE
Description:	SUSE Linux Enterprise Server 15 SP6
Release:	15.6
Codename:	n/a


========== SYSTEM TOPOLOGY ==========
Hyperthreading: enabled (threads per core = 2)
Sockets: 4, Cores/socket: 24, NUMA nodes: 4
-- lscpu key fields --
Architecture:                            x86_64
CPU(s):                                  192
On-line CPU(s) list:                     0-191
Model name:                              AMD Instinct MI300A Accelerator
Thread(s) per core:                      2
Core(s) per socket:                      24
Socket(s):                               4
CPU(s) scaling MHz:                      100%
NUMA node(s):                            4
NUMA node0 CPU(s):                       0-23,96-119
NUMA node1 CPU(s):                       24-47,120-143
NUMA node2 CPU(s):                       48-71,144-167
NUMA node3 CPU(s):                       72-95,168-191

========== HWLOC NUMA TOPOLOGY (lstopo-no-graphics) ==========
NUMANode L#0 (P#0 124GB)
NUMANode L#1 (P#1 126GB)
NUMANode L#2 (P#2 126GB)
NUMANode L#3 (P#3 126GB)
-- full topology --
Machine (501GB total)
  Package L#0
    NUMANode L#0 (P#0 124GB)
    L3 L#0 (32MB)
      L2 L#0 (1024KB) + L1d L#0 (32KB) + L1i L#0 (32KB) + Core L#0
        PU L#0 (P#0)
        PU L#1 (P#96)
      L2 L#1 (1024KB) + L1d L#1 (32KB) + L1i L#1 (32KB) + Core L#1
        PU L#2 (P#1)
        PU L#3 (P#97)
      L2 L#2 (1024KB) + L1d L#2 (32KB) + L1i L#2 (32KB) + Core L#2
        PU L#4 (P#2)
        PU L#5 (P#98)
      L2 L#3 (1024KB) + L1d L#3 (32KB) + L1i L#3 (32KB) + Core L#3
        PU L#6 (P#3)
        PU L#7 (P#99)
      L2 L#4 (1024KB) + L1d L#4 (32KB) + L1i L#4 (32KB) + Core L#4
        PU L#8 (P#4)
        PU L#9 (P#100)
      L2 L#5 (1024KB) + L1d L#5 (32KB) + L1i L#5 (32KB) + Core L#5
        PU L#10 (P#5)
        PU L#11 (P#101)
      L2 L#6 (1024KB) + L1d L#6 (32KB) + L1i L#6 (32KB) + Core L#6
        PU L#12 (P#6)
        PU L#13 (P#102)
      L2 L#7 (1024KB) + L1d L#7 (32KB) + L1i L#7 (32KB) + Core L#7
        PU L#14 (P#7)
        PU L#15 (P#103)
    L3 L#1 (32MB)
      L2 L#8 (1024KB) + L1d L#8 (32KB) + L1i L#8 (32KB) + Core L#8
        PU L#16 (P#8)
        PU L#17 (P#104)
      L2 L#9 (1024KB) + L1d L#9 (32KB) + L1i L#9 (32KB) + Core L#9
        PU L#18 (P#9)
        PU L#19 (P#105)
      L2 L#10 (1024KB) + L1d L#10 (32KB) + L1i L#10 (32KB) + Core L#10
        PU L#20 (P#10)
        PU L#21 (P#106)
      L2 L#11 (1024KB) + L1d L#11 (32KB) + L1i L#11 (32KB) + Core L#11
        PU L#22 (P#11)
        PU L#23 (P#107)
      L2 L#12 (1024KB) + L1d L#12 (32KB) + L1i L#12 (32KB) + Core L#12
        PU L#24 (P#12)
        PU L#25 (P#108)
      L2 L#13 (1024KB) + L1d L#13 (32KB) + L1i L#13 (32KB) + Core L#13
        PU L#26 (P#13)
        PU L#27 (P#109)
      L2 L#14 (1024KB) + L1d L#14 (32KB) + L1i L#14 (32KB) + Core L#14
        PU L#28 (P#14)
        PU L#29 (P#110)
      L2 L#15 (1024KB) + L1d L#15 (32KB) + L1i L#15 (32KB) + Core L#15
        PU L#30 (P#15)
        PU L#31 (P#111)
    L3 L#2 (32MB)
      L2 L#16 (1024KB) + L1d L#16 (32KB) + L1i L#16 (32KB) + Core L#16
        PU L#32 (P#16)
        PU L#33 (P#112)
      L2 L#17 (1024KB) + L1d L#17 (32KB) + L1i L#17 (32KB) + Core L#17
        PU L#34 (P#17)
        PU L#35 (P#113)
      L2 L#18 (1024KB) + L1d L#18 (32KB) + L1i L#18 (32KB) + Core L#18
        PU L#36 (P#18)
        PU L#37 (P#114)
      L2 L#19 (1024KB) + L1d L#19 (32KB) + L1i L#19 (32KB) + Core L#19
        PU L#38 (P#19)
        PU L#39 (P#115)
      L2 L#20 (1024KB) + L1d L#20 (32KB) + L1i L#20 (32KB) + Core L#20
        PU L#40 (P#20)
        PU L#41 (P#116)
      L2 L#21 (1024KB) + L1d L#21 (32KB) + L1i L#21 (32KB) + Core L#21
        PU L#42 (P#21)
        PU L#43 (P#117)
      L2 L#22 (1024KB) + L1d L#22 (32KB) + L1i L#22 (32KB) + Core L#22
        PU L#44 (P#22)
        PU L#45 (P#118)
      L2 L#23 (1024KB) + L1d L#23 (32KB) + L1i L#23 (32KB) + Core L#23
        PU L#46 (P#23)
        PU L#47 (P#119)
    HostBridge
      PCIBridge
        PCI 0000:01:00.0 (Ethernet)
          Net(Slingshot) "hsn0"
      PCIBridge
        PCI 0000:02:00.0 (ProcessingAccelerator)
    HostBridge
      PCIBridge
        PCI 0000:81:00.0 (Ethernet)
          Net "enp129s0"
    HostBridge
      PCIBridge
        PCI 0000:c1:00.0 (NVMExp)
          Block(Disk) "nvme0n1"
  Package L#1
    NUMANode L#1 (P#1 126GB)
    L3 L#3 (32MB)
      L2 L#24 (1024KB) + L1d L#24 (32KB) + L1i L#24 (32KB) + Core L#24
        PU L#48 (P#24)
        PU L#49 (P#120)
      L2 L#25 (1024KB) + L1d L#25 (32KB) + L1i L#25 (32KB) + Core L#25
        PU L#50 (P#25)
        PU L#51 (P#121)
      L2 L#26 (1024KB) + L1d L#26 (32KB) + L1i L#26 (32KB) + Core L#26
        PU L#52 (P#26)
        PU L#53 (P#122)
      L2 L#27 (1024KB) + L1d L#27 (32KB) + L1i L#27 (32KB) + Core L#27
        PU L#54 (P#27)
        PU L#55 (P#123)
      L2 L#28 (1024KB) + L1d L#28 (32KB) + L1i L#28 (32KB) + Core L#28
        PU L#56 (P#28)
        PU L#57 (P#124)
      L2 L#29 (1024KB) + L1d L#29 (32KB) + L1i L#29 (32KB) + Core L#29
        PU L#58 (P#29)
        PU L#59 (P#125)
      L2 L#30 (1024KB) + L1d L#30 (32KB) + L1i L#30 (32KB) + Core L#30
        PU L#60 (P#30)
        PU L#61 (P#126)
      L2 L#31 (1024KB) + L1d L#31 (32KB) + L1i L#31 (32KB) + Core L#31
        PU L#62 (P#31)
        PU L#63 (P#127)
    L3 L#4 (32MB)
      L2 L#32 (1024KB) + L1d L#32 (32KB) + L1i L#32 (32KB) + Core L#32
        PU L#64 (P#32)
        PU L#65 (P#128)
      L2 L#33 (1024KB) + L1d L#33 (32KB) + L1i L#33 (32KB) + Core L#33
        PU L#66 (P#33)
        PU L#67 (P#129)
      L2 L#34 (1024KB) + L1d L#34 (32KB) + L1i L#34 (32KB) + Core L#34
        PU L#68 (P#34)
        PU L#69 (P#130)
      L2 L#35 (1024KB) + L1d L#35 (32KB) + L1i L#35 (32KB) + Core L#35
        PU L#70 (P#35)
        PU L#71 (P#131)
      L2 L#36 (1024KB) + L1d L#36 (32KB) + L1i L#36 (32KB) + Core L#36
        PU L#72 (P#36)
        PU L#73 (P#132)
      L2 L#37 (1024KB) + L1d L#37 (32KB) + L1i L#37 (32KB) + Core L#37
        PU L#74 (P#37)
        PU L#75 (P#133)
      L2 L#38 (1024KB) + L1d L#38 (32KB) + L1i L#38 (32KB) + Core L#38
        PU L#76 (P#38)
        PU L#77 (P#134)
      L2 L#39 (1024KB) + L1d L#39 (32KB) + L1i L#39 (32KB) + Core L#39
        PU L#78 (P#39)
        PU L#79 (P#135)
    L3 L#5 (32MB)
      L2 L#40 (1024KB) + L1d L#40 (32KB) + L1i L#40 (32KB) + Core L#40
        PU L#80 (P#40)
        PU L#81 (P#136)
      L2 L#41 (1024KB) + L1d L#41 (32KB) + L1i L#41 (32KB) + Core L#41
        PU L#82 (P#41)
        PU L#83 (P#137)
      L2 L#42 (1024KB) + L1d L#42 (32KB) + L1i L#42 (32KB) + Core L#42
        PU L#84 (P#42)
        PU L#85 (P#138)
      L2 L#43 (1024KB) + L1d L#43 (32KB) + L1i L#43 (32KB) + Core L#43
        PU L#86 (P#43)
        PU L#87 (P#139)
      L2 L#44 (1024KB) + L1d L#44 (32KB) + L1i L#44 (32KB) + Core L#44
        PU L#88 (P#44)
        PU L#89 (P#140)
      L2 L#45 (1024KB) + L1d L#45 (32KB) + L1i L#45 (32KB) + Core L#45
        PU L#90 (P#45)
        PU L#91 (P#141)
      L2 L#46 (1024KB) + L1d L#46 (32KB) + L1i L#46 (32KB) + Core L#46
        PU L#92 (P#46)
        PU L#93 (P#142)
      L2 L#47 (1024KB) + L1d L#47 (32KB) + L1i L#47 (32KB) + Core L#47
        PU L#94 (P#47)
        PU L#95 (P#143)
    HostBridge
      PCIBridge
        PCI 0001:01:00.0 (Ethernet)
          Net(Slingshot) "hsn1"
      PCIBridge
        PCI 0001:02:00.0 (ProcessingAccelerator)
    HostBridge
      PCIBridge
        PCI 0001:81:00.0 (NVMExp)
          Block(Disk) "nvme1n1"
  Package L#2
    NUMANode L#2 (P#2 126GB)
    L3 L#6 (32MB)
      L2 L#48 (1024KB) + L1d L#48 (32KB) + L1i L#48 (32KB) + Core L#48
        PU L#96 (P#48)
        PU L#97 (P#144)
      L2 L#49 (1024KB) + L1d L#49 (32KB) + L1i L#49 (32KB) + Core L#49
        PU L#98 (P#49)
        PU L#99 (P#145)
      L2 L#50 (1024KB) + L1d L#50 (32KB) + L1i L#50 (32KB) + Core L#50
        PU L#100 (P#50)
        PU L#101 (P#146)
      L2 L#51 (1024KB) + L1d L#51 (32KB) + L1i L#51 (32KB) + Core L#51
        PU L#102 (P#51)
        PU L#103 (P#147)
      L2 L#52 (1024KB) + L1d L#52 (32KB) + L1i L#52 (32KB) + Core L#52
        PU L#104 (P#52)
        PU L#105 (P#148)
      L2 L#53 (1024KB) + L1d L#53 (32KB) + L1i L#53 (32KB) + Core L#53
        PU L#106 (P#53)
        PU L#107 (P#149)
      L2 L#54 (1024KB) + L1d L#54 (32KB) + L1i L#54 (32KB) + Core L#54
        PU L#108 (P#54)
        PU L#109 (P#150)
      L2 L#55 (1024KB) + L1d L#55 (32KB) + L1i L#55 (32KB) + Core L#55
        PU L#110 (P#55)
        PU L#111 (P#151)
    L3 L#7 (32MB)
      L2 L#56 (1024KB) + L1d L#56 (32KB) + L1i L#56 (32KB) + Core L#56
        PU L#112 (P#56)
        PU L#113 (P#152)
      L2 L#57 (1024KB) + L1d L#57 (32KB) + L1i L#57 (32KB) + Core L#57
        PU L#114 (P#57)
        PU L#115 (P#153)
      L2 L#58 (1024KB) + L1d L#58 (32KB) + L1i L#58 (32KB) + Core L#58
        PU L#116 (P#58)
        PU L#117 (P#154)
      L2 L#59 (1024KB) + L1d L#59 (32KB) + L1i L#59 (32KB) + Core L#59
        PU L#118 (P#59)
        PU L#119 (P#155)
      L2 L#60 (1024KB) + L1d L#60 (32KB) + L1i L#60 (32KB) + Core L#60
        PU L#120 (P#60)
        PU L#121 (P#156)
      L2 L#61 (1024KB) + L1d L#61 (32KB) + L1i L#61 (32KB) + Core L#61
        PU L#122 (P#61)
        PU L#123 (P#157)
      L2 L#62 (1024KB) + L1d L#62 (32KB) + L1i L#62 (32KB) + Core L#62
        PU L#124 (P#62)
        PU L#125 (P#158)
      L2 L#63 (1024KB) + L1d L#63 (32KB) + L1i L#63 (32KB) + Core L#63
        PU L#126 (P#63)
        PU L#127 (P#159)
    L3 L#8 (32MB)
      L2 L#64 (1024KB) + L1d L#64 (32KB) + L1i L#64 (32KB) + Core L#64
        PU L#128 (P#64)
        PU L#129 (P#160)
      L2 L#65 (1024KB) + L1d L#65 (32KB) + L1i L#65 (32KB) + Core L#65
        PU L#130 (P#65)
        PU L#131 (P#161)
      L2 L#66 (1024KB) + L1d L#66 (32KB) + L1i L#66 (32KB) + Core L#66
        PU L#132 (P#66)
        PU L#133 (P#162)
      L2 L#67 (1024KB) + L1d L#67 (32KB) + L1i L#67 (32KB) + Core L#67
        PU L#134 (P#67)
        PU L#135 (P#163)
      L2 L#68 (1024KB) + L1d L#68 (32KB) + L1i L#68 (32KB) + Core L#68
        PU L#136 (P#68)
        PU L#137 (P#164)
      L2 L#69 (1024KB) + L1d L#69 (32KB) + L1i L#69 (32KB) + Core L#69
        PU L#138 (P#69)
        PU L#139 (P#165)
      L2 L#70 (1024KB) + L1d L#70 (32KB) + L1i L#70 (32KB) + Core L#70
        PU L#140 (P#70)
        PU L#141 (P#166)
      L2 L#71 (1024KB) + L1d L#71 (32KB) + L1i L#71 (32KB) + Core L#71
        PU L#142 (P#71)
        PU L#143 (P#167)
    HostBridge
      PCIBridge
        PCI 0002:01:00.0 (Ethernet)
          Net(Slingshot) "hsn2"
      PCIBridge
        PCI 0002:02:00.0 (ProcessingAccelerator)
  Package L#3
    NUMANode L#3 (P#3 126GB)
    L3 L#9 (32MB)
      L2 L#72 (1024KB) + L1d L#72 (32KB) + L1i L#72 (32KB) + Core L#72
        PU L#144 (P#72)
        PU L#145 (P#168)
      L2 L#73 (1024KB) + L1d L#73 (32KB) + L1i L#73 (32KB) + Core L#73
        PU L#146 (P#73)
        PU L#147 (P#169)
      L2 L#74 (1024KB) + L1d L#74 (32KB) + L1i L#74 (32KB) + Core L#74
        PU L#148 (P#74)
        PU L#149 (P#170)
      L2 L#75 (1024KB) + L1d L#75 (32KB) + L1i L#75 (32KB) + Core L#75
        PU L#150 (P#75)
        PU L#151 (P#171)
      L2 L#76 (1024KB) + L1d L#76 (32KB) + L1i L#76 (32KB) + Core L#76
        PU L#152 (P#76)
        PU L#153 (P#172)
      L2 L#77 (1024KB) + L1d L#77 (32KB) + L1i L#77 (32KB) + Core L#77
        PU L#154 (P#77)
        PU L#155 (P#173)
      L2 L#78 (1024KB) + L1d L#78 (32KB) + L1i L#78 (32KB) + Core L#78
        PU L#156 (P#78)
        PU L#157 (P#174)
      L2 L#79 (1024KB) + L1d L#79 (32KB) + L1i L#79 (32KB) + Core L#79
        PU L#158 (P#79)
        PU L#159 (P#175)
    L3 L#10 (32MB)
      L2 L#80 (1024KB) + L1d L#80 (32KB) + L1i L#80 (32KB) + Core L#80
        PU L#160 (P#80)
        PU L#161 (P#176)
      L2 L#81 (1024KB) + L1d L#81 (32KB) + L1i L#81 (32KB) + Core L#81
        PU L#162 (P#81)
        PU L#163 (P#177)
      L2 L#82 (1024KB) + L1d L#82 (32KB) + L1i L#82 (32KB) + Core L#82
        PU L#164 (P#82)
        PU L#165 (P#178)
      L2 L#83 (1024KB) + L1d L#83 (32KB) + L1i L#83 (32KB) + Core L#83
        PU L#166 (P#83)
        PU L#167 (P#179)
      L2 L#84 (1024KB) + L1d L#84 (32KB) + L1i L#84 (32KB) + Core L#84
        PU L#168 (P#84)
        PU L#169 (P#180)
      L2 L#85 (1024KB) + L1d L#85 (32KB) + L1i L#85 (32KB) + Core L#85
        PU L#170 (P#85)
        PU L#171 (P#181)
      L2 L#86 (1024KB) + L1d L#86 (32KB) + L1i L#86 (32KB) + Core L#86
        PU L#172 (P#86)
        PU L#173 (P#182)
      L2 L#87 (1024KB) + L1d L#87 (32KB) + L1i L#87 (32KB) + Core L#87
        PU L#174 (P#87)
        PU L#175 (P#183)
    L3 L#11 (32MB)
      L2 L#88 (1024KB) + L1d L#88 (32KB) + L1i L#88 (32KB) + Core L#88
        PU L#176 (P#88)
        PU L#177 (P#184)
      L2 L#89 (1024KB) + L1d L#89 (32KB) + L1i L#89 (32KB) + Core L#89
        PU L#178 (P#89)
        PU L#179 (P#185)
      L2 L#90 (1024KB) + L1d L#90 (32KB) + L1i L#90 (32KB) + Core L#90
        PU L#180 (P#90)
        PU L#181 (P#186)
      L2 L#91 (1024KB) + L1d L#91 (32KB) + L1i L#91 (32KB) + Core L#91
        PU L#182 (P#91)
        PU L#183 (P#187)
      L2 L#92 (1024KB) + L1d L#92 (32KB) + L1i L#92 (32KB) + Core L#92
        PU L#184 (P#92)
        PU L#185 (P#188)
      L2 L#93 (1024KB) + L1d L#93 (32KB) + L1i L#93 (32KB) + Core L#93
        PU L#186 (P#93)
        PU L#187 (P#189)
      L2 L#94 (1024KB) + L1d L#94 (32KB) + L1i L#94 (32KB) + Core L#94
        PU L#188 (P#94)
        PU L#189 (P#190)
      L2 L#95 (1024KB) + L1d L#95 (32KB) + L1i L#95 (32KB) + Core L#95
        PU L#190 (P#95)
        PU L#191 (P#191)
    HostBridge
      PCIBridge
        PCI 0003:01:00.0 (Ethernet)
          Net(Slingshot) "hsn3"
      PCIBridge
        PCI 0003:02:00.0 (ProcessingAccelerator)
=====================================

[INFO] GPUs detected (gfx942): 0 1 2 3
[INFO] Compiling hello_jobstep_hip...
✓ Built: /tmp/hello_jobstep_hip_37999_855026
[INFO] Compiling cpu_affinity (POSIX pthreads)...
✓ Built: /tmp/cpu_affinity_threads_37999_855026
[INFO] Compiling omp_affinity (OpenMP)...
✓ Built: /tmp/omp_affinity_37999_855026

========== EXPERIMENT A: Unbound info-only (srun, OMP_NUM_THREADS=1) ==========
[A:Context] Launching with srun (no explicit --ntasks/--cpus-per-task)
[A:Env] OMP_NUM_THREADS=1
[A:Proc pre-run] PID=855026, Cpus_allowed_list=0-191, Mems_allowed_list=0-3
MPI 000 - OMP 000 - HWT 001 - Node x1001c0s4b0n0 - RT_GPU_ID 0 - GPU_ID 0 - Bus_ID 02
[A:Post] For step info, see: scontrol show step 37999.*

========== EXPERIMENT B: POSIX pthreads, Threads=1 ==========
[B:Proc pre-run] PID=855026, Cpus_allowed_list=0-191, Mems_allowed_list=0-3
[POSIX] PID=855253, Threads=1
Cpus_allowed_list:	0-191
Mems_allowed_list:	0-3
Node x1001c0s4b0n0 - POSIX_TID 000 - HWT 042 - Affinity: 0 1 2 3 4 5 6 7 8 9 10 11 12 13 14 15 16 17 18 19 20 21 22 23 24 25 26 27 28 29 30 31 32 33 34 35 36 37 38 39 40 41 42 43 44 45 46 47 48 49 50 51 52 53 54 55 56 57 58 59 60 61 62 63 64 65 66 67 68 69 70 71 72 73 74 75 76 77 78 79 80 81 82 83 84 85 86 87 88 89 90 91 92 93 94 95 96 97 98 99 100 101 102 103 104 105 106 107 108 109 110 111 112 113 114 115 116 117 118 119 120 121 122 123 124 125 126 127 128 129 130 131 132 133 134 135 136 137 138 139 140 141 142 143 144 145 146 147 148 149 150 151 152 153 154 155 156 157 158 159 160 161 162 163 164 165 166 167 168 169 170 171 172 173 174 175 176 177 178 179 180 181 182 183 184 185 186 187 188 189 190 191 

========== EXPERIMENT C: OpenMP, OMP_NUM_THREADS=1 ==========
[C:Env] OMP_NUM_THREADS=1
[C:Proc pre-run] PID=855026, Cpus_allowed_list=0-191, Mems_allowed_list=0-3
[OpenMP] PID=855257, OMP_NUM_THREADS=1
Cpus_allowed_list:	0-191
Mems_allowed_list:	0-3
Node x1001c0s4b0n0 - OMP 000 - HWT 131 - Affinity: 0 1 2 3 4 5 6 7 8 9 10 11 12 13 14 15 16 17 18 19 20 21 22 23 24 25 26 27 28 29 30 31 32 33 34 35 36 37 38 39 40 41 42 43 44 45 46 47 48 49 50 51 52 53 54 55 56 57 58 59 60 61 62 63 64 65 66 67 68 69 70 71 72 73 74 75 76 77 78 79 80 81 82 83 84 85 86 87 88 89 90 91 92 93 94 95 96 97 98 99 100 101 102 103 104 105 106 107 108 109 110 111 112 113 114 115 116 117 118 119 120 121 122 123 124 125 126 127 128 129 130 131 132 133 134 135 136 137 138 139 140 141 142 143 144 145 146 147 148 149 150 151 152 153 154 155 156 157 158 159 160 161 162 163 164 165 166 167 168 169 170 171 172 173 174 175 176 177 178 179 180 181 182 183 184 185 186 187 188 189 190 191 
=== RUN END Fri Nov 14 04:03:34 AM PST 2025 ===
